[2026-03-20 06:22:00] ============================================================
[2026-03-20 06:22:00] 🤖 完全自動化賺錢系統 v2.0
[2026-03-20 06:22:00] ============================================================
[2026-03-20 06:22:00] 
[Step 1] 檢查系統資源...
[2026-03-20 06:22:00] 檢查系統資源...
[2026-03-20 06:22:00] CPU 核心: 4
[2026-03-20 06:22:00] 記憶體: 3869 MB
[2026-03-20 06:22:00] 磁碟: 950G
[2026-03-20 06:22:00] 
[Step 2] 建立可出售內容...
[2026-03-20 06:22:00] 建立可出售的內容...
[2026-03-20 06:22:00] 
[Step 3] 生成銷售頁面...
[2026-03-20 06:22:00] 生成銷售頁面...
[2026-03-20 06:22:00] 銷售頁面已生成: /home/claw/.openclaw/workspace/SALES_PAGE.md
[2026-03-20 06:22:00] 
[Step 4] 建立 Gumroad 指南...
[2026-03-20 06:22:00] 建立 Gumroad 設定指南...
[2026-03-20 06:22:00] Gumroad 指南已生成: /home/claw/.openclaw/workspace/GUMROAD_GUIDE.md
[2026-03-20 06:22:00] 
[Step 5] 建立腳本包...
[2026-03-20 06:22:00] 建立腳本包...
[2026-03-20 06:22:00]   添加: api_earning_system.py
[2026-03-20 06:22:00]   添加: bing_search_automation.py
[2026-03-20 06:22:00]   添加: agent_browser_controller.py
[2026-03-20 06:22:00]   添加: auto-earning.py
[2026-03-20 06:22:00]   添加: earnings_dashboard.py
[2026-03-20 06:22:00] 腳本包已建立: /home/claw/.openclaw/workspace/auto_earning_scripts.zip
[2026-03-20 06:22:00] 
============================================================
[2026-03-20 06:22:00] 📊 執行摘要
[2026-03-20 06:22:00] ============================================================
[2026-03-20 06:22:00] ✅ 系統資源已檢查
[2026-03-20 06:22:00] ✅ 銷售頁面已生成: SALES_PAGE.md
[2026-03-20 06:22:00] ✅ Gumroad 指南已生成: GUMROAD_GUIDE.md
[2026-03-20 06:22:00] ✅ 腳本包已建立: auto_earning_scripts.zip
[2026-03-20 06:22:00] ============================================================
[2026-03-20 06:22:00] 
🚀 下一步行動:
[2026-03-20 06:22:00] 1. 前往 https://gumroad.com 註冊
[2026-03-20 06:22:00] 2. 上傳 auto_earning_scripts.zip
[2026-03-20 06:22:00] 3. 設定價格 $5 USD
[2026-03-20 06:22:00] 4. 發布並分享連結
[2026-03-20 06:22:00] 5. 賣出 1 份即達成目標
